09:04:38 **** Incremental Build of configuration Debug for project p24 ****
make all 
Building file: ../p24.c
Invoking: GCC C Compiler
gcc -O0 -g3 -Wall -c -fmessage-length=0 -MMD -MP -MF"p24.d" -MT"p24.o" -o "p24.o" "../p24.c"
../p24.c:5:6: warning: return type of ‘main’ is not ‘int’ [-Wmain]
    5 | void main()
      |      ^~~~
../p24.c: In function ‘main’:
../p24.c:27:4: warning: implicit declaration of function ‘sort’ [-Wimplicit-function-declaration]
   27 |    sort(n,m,a,b);
      |    ^~~~
../p24.c:30:4: warning: implicit declaration of function ‘merge’ [-Wimplicit-function-declaration]
   30 |    merge(n,m,a,b);
      |    ^~~~~
../p24.c:33:4: warning: implicit declaration of function ‘merge_sort’ [-Wimplicit-function-declaration]
   33 |    merge_sort(n,m,a);
      |    ^~~~~~~~~~
../p24.c: At top level:
../p24.c:44:6: warning: conflicting types for ‘sort’
   44 | void sort(int n,int m, int a[],int b[])
      |      ^~~~
../p24.c:27:4: note: previous implicit declaration of ‘sort’ was here
   27 |    sort(n,m,a,b);
      |    ^~~~
../p24.c:83:6: warning: conflicting types for ‘merge’
   83 | void merge(int n,int m,int a[],int b[])
      |      ^~~~~
../p24.c:30:4: note: previous implicit declaration of ‘merge’ was here
   30 |    merge(n,m,a,b);
      |    ^~~~~
../p24.c:101:6: warning: conflicting types for ‘merge_sort’
  101 | void merge_sort(int n,int m,int a[])
      |      ^~~~~~~~~~
../p24.c:33:4: note: previous implicit declaration of ‘merge_sort’ was here
   33 |    merge_sort(n,m,a);
      |    ^~~~~~~~~~
Finished building: ../p24.c
 
Building target: p24
Invoking: GCC C Linker
gcc  -o "p24"  ./p24.o   
Finished building target: p24
 

09:04:38 Build Finished. 0 errors, 7 warnings. (took 165ms)

